<?xml version="1.0" encoding="UTF-8"?>
<!-- Generated by org.testng.reporters.JUnitReportReporter -->
<testsuite hostname="nadsoft-H81M-Gaming-3" name="LifeStyleDesignInternational.LDI.UnlockTrafficStep" tests="1" failures="0" timestamp="2 Apr 2018 07:11:31 GMT" time="148.074" errors="0">
  <testcase name="scripts" time="148.074" classname="LifeStyleDesignInternational.LDI.UnlockTrafficStep"/>
</testsuite> <!-- LifeStyleDesignInternational.LDI.UnlockTrafficStep -->
